[debug] [2022-03-22T03:25:07.966Z] ----------------------------------------------------------------------
[debug] [2022-03-22T03:25:07.968Z] Command:       C:\Program Files\nodejs\node.exe C:\Users\HP\AppData\Roaming\npm\node_modules\firebase-tools\lib\bin\firebase.js init
[debug] [2022-03-22T03:25:07.969Z] CLI Version:   10.4.1
[debug] [2022-03-22T03:25:07.969Z] Platform:      win32
[debug] [2022-03-22T03:25:07.969Z] Node Version:  v16.13.0
[debug] [2022-03-22T03:25:07.970Z] Time:          Tue Mar 22 2022 09:25:07 GMT+0600 (Bangladesh Standard Time)
[debug] [2022-03-22T03:25:07.971Z] ----------------------------------------------------------------------
[debug] 
[debug] [2022-03-22T03:25:07.975Z] >>> [apiv2][query] GET https://firebase-public.firebaseio.com/cli.json [none]
[debug] [2022-03-22T03:25:08.087Z] > command requires scopes: ["email","openid","https://www.googleapis.com/auth/cloudplatformprojects.readonly","https://www.googleapis.com/auth/firebase","https://www.googleapis.com/auth/cloud-platform"]
[debug] [2022-03-22T03:25:08.087Z] > authorizing via signed-in user (mdhasanraju2017@gmail.com)
[info] 
     ######## #### ########  ######## ########     ###     ######  ########
     ##        ##  ##     ## ##       ##     ##  ##   ##  ##       ##
     ######    ##  ########  ######   ########  #########  ######  ######
     ##        ##  ##    ##  ##       ##     ## ##     ##       ## ##
     ##       #### ##     ## ######## ########  ##     ##  ######  ########

You're about to initialize a Firebase project in this directory:

  E:\projects\end-game-projects\biswas-hospital\client

Before we get started, keep in mind:

  * You are initializing within an existing Firebase project directory

[debug] [2022-03-22T03:25:09.481Z] <<< [apiv2][status] GET https://firebase-public.firebaseio.com/cli.json 200
[debug] [2022-03-22T03:25:09.482Z] <<< [apiv2][body] GET https://firebase-public.firebaseio.com/cli.json {"cloudBuildErrorAfter":1594252800000,"cloudBuildWarnAfter":1590019200000,"defaultNode10After":1594252800000,"minVersion":"3.0.5","node8DeploysDisabledAfter":1613390400000,"node8RuntimeDisabledAfter":1615809600000,"node8WarnAfter":1600128000000}
[info] 
=== Project Setup
[info] 
[info] First, let's associate this project directory with a Firebase project.
[info] You can create multiple project aliases by running firebase use --add, 
[info] but for now we'll just set up a default project.
[info] 
[debug] [2022-03-22T03:25:59.852Z] Using project from CLI flag: biswas-hospital
[debug] [2022-03-22T03:25:59.854Z] > refreshing access token with scopes: []
[debug] [2022-03-22T03:25:59.856Z] >>> HTTP REQUEST POST https://www.googleapis.com/oauth2/v3/token  
 <request body omitted>
[debug] [2022-03-22T03:26:01.372Z] <<< HTTP RESPONSE 200 {"cache-control":"no-cache, no-store, max-age=0, must-revalidate","expires":"Mon, 01 Jan 1990 00:00:00 GMT","pragma":"no-cache","date":"Tue, 22 Mar 2022 03:26:03 GMT","content-type":"application/json; charset=utf-8","vary":"X-Origin, Referer, Origin,Accept-Encoding","server":"scaffolding on HTTPServer2","x-xss-protection":"0","x-frame-options":"SAMEORIGIN","x-content-type-options":"nosniff","alt-svc":"h3=\":443\"; ma=2592000,h3-29=\":443\"; ma=2592000,h3-Q050=\":443\"; ma=2592000,h3-Q046=\":443\"; ma=2592000,h3-Q043=\":443\"; ma=2592000,quic=\":443\"; ma=2592000; v=\"46,43\"","accept-ranges":"none","transfer-encoding":"chunked"}
[debug] [2022-03-22T03:26:01.407Z] >>> [apiv2][query] GET https://firebase.googleapis.com/v1beta1/projects/biswas-hospital [none]
[debug] [2022-03-22T03:26:02.034Z] <<< [apiv2][status] GET https://firebase.googleapis.com/v1beta1/projects/biswas-hospital 403
[debug] [2022-03-22T03:26:02.035Z] <<< [apiv2][body] GET https://firebase.googleapis.com/v1beta1/projects/biswas-hospital {"error":{"code":403,"message":"The caller does not have permission","status":"PERMISSION_DENIED"}}
[debug] [2022-03-22T03:26:02.037Z] HTTP Error: 403, The caller does not have permission
[debug] [2022-03-22T03:26:02.253Z] FirebaseError: HTTP Error: 403, The caller does not have permission
    at module.exports (C:\Users\HP\AppData\Roaming\npm\node_modules\firebase-tools\lib\responseToError.js:47:12)
    at RetryOperation._fn (C:\Users\HP\AppData\Roaming\npm\node_modules\firebase-tools\lib\apiv2.js:286:39)
    at processTicksAndRejections (node:internal/process/task_queues:96:5)
[error] 
[error] Error: Failed to get Firebase project biswas-hospital. Please make sure the project exists and your account has permission to access it.
[debug] [2022-03-22T03:26:37.966Z] ----------------------------------------------------------------------
[debug] [2022-03-22T03:26:37.968Z] Command:       C:\Program Files\nodejs\node.exe C:\Users\HP\AppData\Roaming\npm\node_modules\firebase-tools\lib\bin\firebase.js init
[debug] [2022-03-22T03:26:37.969Z] CLI Version:   10.4.1
[debug] [2022-03-22T03:26:37.969Z] Platform:      win32
[debug] [2022-03-22T03:26:37.969Z] Node Version:  v16.13.0
[debug] [2022-03-22T03:26:37.970Z] Time:          Tue Mar 22 2022 09:26:37 GMT+0600 (Bangladesh Standard Time)
[debug] [2022-03-22T03:26:37.971Z] ----------------------------------------------------------------------
[debug] 
[debug] [2022-03-22T03:26:38.051Z] > command requires scopes: ["email","openid","https://www.googleapis.com/auth/cloudplatformprojects.readonly","https://www.googleapis.com/auth/firebase","https://www.googleapis.com/auth/cloud-platform"]
[debug] [2022-03-22T03:26:38.052Z] > authorizing via signed-in user (mdhasanraju2017@gmail.com)
[info] 
     ######## #### ########  ######## ########     ###     ######  ########
     ##        ##  ##     ## ##       ##     ##  ##   ##  ##       ##
     ######    ##  ########  ######   ########  #########  ######  ######
     ##        ##  ##    ##  ##       ##     ## ##     ##       ## ##
     ##       #### ##     ## ######## ########  ##     ##  ######  ########

You're about to initialize a Firebase project in this directory:

  E:\projects\end-game-projects\biswas-hospital\client

Before we get started, keep in mind:

  * You are initializing within an existing Firebase project directory

[info] 
=== Project Setup
[info] 
[info] First, let's associate this project directory with a Firebase project.
[info] You can create multiple project aliases by running firebase use --add, 
[info] but for now we'll just set up a default project.
[info] 
[debug] [2022-03-22T03:26:52.702Z] Using project from CLI flag: biswas-hospital
[debug] [2022-03-22T03:26:52.705Z] >>> [apiv2][query] GET https://firebase.googleapis.com/v1beta1/projects/biswas-hospital [none]
[debug] [2022-03-22T03:26:53.322Z] <<< [apiv2][status] GET https://firebase.googleapis.com/v1beta1/projects/biswas-hospital 403
[debug] [2022-03-22T03:26:53.323Z] <<< [apiv2][body] GET https://firebase.googleapis.com/v1beta1/projects/biswas-hospital {"error":{"code":403,"message":"The caller does not have permission","status":"PERMISSION_DENIED"}}
[debug] [2022-03-22T03:26:53.323Z] HTTP Error: 403, The caller does not have permission
[debug] [2022-03-22T03:26:53.527Z] FirebaseError: HTTP Error: 403, The caller does not have permission
    at module.exports (C:\Users\HP\AppData\Roaming\npm\node_modules\firebase-tools\lib\responseToError.js:47:12)
    at RetryOperation._fn (C:\Users\HP\AppData\Roaming\npm\node_modules\firebase-tools\lib\apiv2.js:286:39)
    at processTicksAndRejections (node:internal/process/task_queues:96:5)
[error] 
[error] Error: Failed to get Firebase project biswas-hospital. Please make sure the project exists and your account has permission to access it.
[debug] [2022-03-22T03:27:32.476Z] ----------------------------------------------------------------------
[debug] [2022-03-22T03:27:32.478Z] Command:       C:\Program Files\nodejs\node.exe C:\Users\HP\AppData\Roaming\npm\node_modules\firebase-tools\lib\bin\firebase.js init
[debug] [2022-03-22T03:27:32.479Z] CLI Version:   10.4.1
[debug] [2022-03-22T03:27:32.479Z] Platform:      win32
[debug] [2022-03-22T03:27:32.479Z] Node Version:  v16.13.0
[debug] [2022-03-22T03:27:32.480Z] Time:          Tue Mar 22 2022 09:27:32 GMT+0600 (Bangladesh Standard Time)
[debug] [2022-03-22T03:27:32.480Z] ----------------------------------------------------------------------
[debug] 
[debug] [2022-03-22T03:27:32.590Z] > command requires scopes: ["email","openid","https://www.googleapis.com/auth/cloudplatformprojects.readonly","https://www.googleapis.com/auth/firebase","https://www.googleapis.com/auth/cloud-platform"]
[debug] [2022-03-22T03:27:32.590Z] > authorizing via signed-in user (mdhasanraju2017@gmail.com)
[info] 
     ######## #### ########  ######## ########     ###     ######  ########
     ##        ##  ##     ## ##       ##     ##  ##   ##  ##       ##
     ######    ##  ########  ######   ########  #########  ######  ######
     ##        ##  ##    ##  ##       ##     ## ##     ##       ## ##
     ##       #### ##     ## ######## ########  ##     ##  ######  ########

You're about to initialize a Firebase project in this directory:

  E:\projects\end-game-projects\biswas-hospital\client

Before we get started, keep in mind:

  * You are initializing within an existing Firebase project directory

